<?xml version="1.0" encoding="UTF-8"?>
<!-- Generated by org.testng.reporters.JUnitReportReporter -->
<testsuite hostname="LAPTOP-DCD51ORS" failures="0" tests="3" name="practice.DataPro2Test" time="29.321" errors="0" timestamp="2022-06-04T14:03:50 IST" skipped="0">
  <testcase classname="practice.DataPro2Test" name="testMultipleLogins" time="9.289"/>
  <system-out/>
  <testcase classname="practice.DataPro2Test" name="testMultipleLogins" time="9.268"/>
  <system-out/>
  <testcase classname="practice.DataPro2Test" name="testMultipleLogins" time="10.764"/>
  <system-out/>
</testsuite> <!-- practice.DataPro2Test -->
