<?xml version="1.0" encoding="UTF-8"?>
<!-- Generated by org.testng.reporters.JUnitReportReporter -->
<testsuite hostname="LAPTOP-DCD51ORS" failures="0" tests="1" name="varm.crm.comcast.contactTest.CreateContactWithoutMandateTest" time="5.661" errors="0" timestamp="2022-06-10T10:03:56 IST" skipped="0">
  <testcase classname="varm.crm.comcast.contactTest.CreateContactWithoutMandateTest" name="createContactTest" time="5.661"/>
  <system-out/>
</testsuite> <!-- varm.crm.comcast.contactTest.CreateContactWithoutMandateTest -->
