<?xml version="1.0" encoding="UTF-8"?>
<!-- Generated by org.testng.reporters.JUnitReportReporter -->
<testsuite hostname="LAPTOP-DCD51ORS" failures="0" tests="1" name="xmlconfiguration.BefAftClass" time="0.003" errors="0" timestamp="2022-06-06T20:14:25 IST" skipped="0">
  <testcase classname="xmlconfiguration.BefAftClass" name="addCloseFriend" time="0.003"/>
  <system-out/>
</testsuite> <!-- xmlconfiguration.BefAftClass -->
