<?xml version="1.0" encoding="UTF-8"?>
<!-- Generated by org.testng.reporters.JUnitReportReporter -->
<testsuite hostname="LAPTOP-DCD51ORS" failures="0" tests="2" name="xmlconfiguration.TC010" time="0.006" errors="0" timestamp="2022-06-05T14:17:42 IST" skipped="0">
  <testcase classname="xmlconfiguration.TC010" name="deleteProject" time="0.001"/>
  <system-out/>
  <testcase classname="xmlconfiguration.TC010" name="createProject" time="0.005"/>
  <system-out/>
</testsuite> <!-- xmlconfiguration.TC010 -->
