<?xml version="1.0" encoding="UTF-8"?>
<!-- Generated by org.testng.reporters.JUnitReportReporter -->
<testsuite hostname="LAPTOP-DCD51ORS" failures="0" tests="3" name="practice.ActiDataPro1Test" time="37.551" errors="0" timestamp="2022-06-04T12:34:39 IST" skipped="0">
  <testcase classname="practice.ActiDataPro1Test" name="testActiLogin" time="13.278"/>
  <system-out/>
  <testcase classname="practice.ActiDataPro1Test" name="testActiLogin" time="9.510"/>
  <system-out/>
  <testcase classname="practice.ActiDataPro1Test" name="testActiLogin" time="14.763"/>
  <system-out/>
</testsuite> <!-- practice.ActiDataPro1Test -->
