<?xml version="1.0" encoding="UTF-8"?>
<!-- Generated by org.testng.reporters.JUnitReportReporter -->
<testsuite hostname="LAPTOP-DCD51ORS" failures="0" tests="1" name="xmlconfiguration.TC001" time="0.001" errors="0" timestamp="2022-06-05T09:41:14 IST" skipped="0">
  <testcase classname="xmlconfiguration.TC001" name="testAddFriend" time="0.001"/>
  <system-out/>
</testsuite> <!-- xmlconfiguration.TC001 -->
