<?xml version="1.0" encoding="UTF-8"?>
<!-- Generated by org.testng.reporters.JUnitReportReporter -->
<testsuite hostname="LAPTOP-DCD51ORS" failures="0" tests="4" name="testngPractice.Dependency3Test" time="0.007" errors="0" timestamp="2022-06-04T21:15:49 IST" skipped="1">
  <testcase classname="testngPractice.Dependency3Test" name="addComment" time="0.006"/>
  <system-out/>
  <testcase classname="testngPractice.Dependency3Test" name="addFProfilePic" time="0.001"/>
  <system-out/>
  <testcase classname="testngPractice.Dependency3Test" name="addFriend" time="0.000"/>
  <system-out/>
  <testcase classname="testngPractice.Dependency3Test" name="addCloseFriend">
    <skipped/>
  </testcase> <!-- addCloseFriend -->
  <system-out/>
</testsuite> <!-- testngPractice.Dependency3Test -->
