<?xml version="1.0" encoding="UTF-8"?>
<!-- Generated by org.testng.reporters.JUnitReportReporter -->
<testsuite hostname="LAPTOP-DCD51ORS" failures="0" tests="3" name="practice.DataProvider1" time="0.007" errors="0" timestamp="2022-06-11T10:55:26 IST" skipped="0">
  <testcase classname="practice.DataProvider1" name="bookTicket" time="0.001"/>
  <system-out/>
  <testcase classname="practice.DataProvider1" name="bookTicket" time="0.001"/>
  <system-out/>
  <testcase classname="practice.DataProvider1" name="bookTicket" time="0.005"/>
  <system-out/>
</testsuite> <!-- practice.DataProvider1 -->
