<?xml version="1.0" encoding="UTF-8"?>
<!-- Generated by org.testng.reporters.JUnitReportReporter -->
<testsuite hostname="LAPTOP-DCD51ORS" failures="0" tests="4" name="testngPractice.Dependncy2Test" time="0.008" errors="0" timestamp="2022-06-04T21:08:36 IST" skipped="0">
  <testcase classname="testngPractice.Dependncy2Test" name="addFProfilePic" time="0.000"/>
  <system-out/>
  <testcase classname="testngPractice.Dependncy2Test" name="addFriend" time="0.001"/>
  <system-out/>
  <testcase classname="testngPractice.Dependncy2Test" name="addComment" time="0.001"/>
  <system-out/>
  <testcase classname="testngPractice.Dependncy2Test" name="addCloseFriend" time="0.006"/>
  <system-out/>
</testsuite> <!-- testngPractice.Dependncy2Test -->
