<?xml version="1.0" encoding="UTF-8"?>
<!-- Generated by org.testng.reporters.JUnitReportReporter -->
<testsuite hostname="LAPTOP-DCD51ORS" failures="0" tests="3" name="testngPractice.DataPro2Test" time="30.400" errors="0" timestamp="2022-06-04T14:57:17 IST" skipped="0">
  <testcase classname="testngPractice.DataPro2Test" name="testMultipleLogins" time="8.817"/>
  <system-out/>
  <testcase classname="testngPractice.DataPro2Test" name="testMultipleLogins" time="11.486"/>
  <system-out/>
  <testcase classname="testngPractice.DataPro2Test" name="testMultipleLogins" time="10.097"/>
  <system-out/>
</testsuite> <!-- testngPractice.DataPro2Test -->
