<?xml version="1.0" encoding="UTF-8"?>
<!-- Generated by org.testng.reporters.JUnitReportReporter -->
<testsuite hostname="LAPTOP-DCD51ORS" failures="0" tests="1" name="varm.crm.comcast.contactTest.CreateContactTest" time="12.709" errors="0" timestamp="2022-06-13T17:04:16 IST" skipped="0">
  <testcase classname="varm.crm.comcast.contactTest.CreateContactTest" name="createContactTest" time="12.709"/>
  <system-out/>
</testsuite> <!-- varm.crm.comcast.contactTest.CreateContactTest -->
