<?xml version="1.0" encoding="UTF-8"?>
<!-- Generated by org.testng.reporters.JUnitReportReporter -->
<testsuite hostname="LAPTOP-DCD51ORS" failures="0" tests="1" name="varm.crm.comcast.contactTest.DeleteContactTest" time="6.698" errors="0" timestamp="2022-06-13T17:02:51 IST" skipped="0">
  <testcase classname="varm.crm.comcast.contactTest.DeleteContactTest" name="deleteContactTest" time="6.698"/>
  <system-out/>
</testsuite> <!-- varm.crm.comcast.contactTest.DeleteContactTest -->
