<?xml version="1.0" encoding="UTF-8"?>
<!-- Generated by org.testng.reporters.JUnitReportReporter -->
<testsuite hostname="LAPTOP-DCD51ORS" failures="0" tests="1" name="testngPractice.SeleniumGridPractice1" time="4.739" errors="0" timestamp="2022-06-07T17:11:11 IST" skipped="0">
  <testcase classname="testngPractice.SeleniumGridPractice1" name="sampleTest" time="4.739"/>
  <system-out/>
</testsuite> <!-- testngPractice.SeleniumGridPractice1 -->
