<?xml version="1.0" encoding="UTF-8"?>
<!-- Generated by org.testng.reporters.JUnitReportReporter -->
<testsuite hostname="LAPTOP-DCD51ORS" failures="0" tests="1" name="varm.crm.comcast.LeadTest.createLeadTest" time="12.454" errors="0" timestamp="2022-06-14T16:05:32 IST" skipped="0">
  <testcase classname="varm.crm.comcast.LeadTest.createLeadTest" name="createLead" time="12.454"/>
  <system-out/>
</testsuite> <!-- varm.crm.comcast.LeadTest.createLeadTest -->
