<?xml version="1.0" encoding="UTF-8"?>
<!-- Generated by org.testng.reporters.JUnitReportReporter -->
<testsuite hostname="LAPTOP-DCD51ORS" failures="0" tests="5" name="practice.DataPro1Test" time="0.007" errors="0" timestamp="2022-06-04T13:27:42 IST" skipped="0">
  <testcase classname="practice.DataPro1Test" name="testProducts" time="0.001"/>
  <system-out/>
  <testcase classname="practice.DataPro1Test" name="testProducts" time="0.004"/>
  <system-out/>
  <testcase classname="practice.DataPro1Test" name="testProducts" time="0.001"/>
  <system-out/>
  <testcase classname="practice.DataPro1Test" name="testProducts" time="0.000"/>
  <system-out/>
  <testcase classname="practice.DataPro1Test" name="testProducts" time="0.001"/>
  <system-out/>
</testsuite> <!-- practice.DataPro1Test -->
