<?xml version="1.0" encoding="UTF-8"?>
<!-- Generated by org.testng.reporters.JUnitReportReporter -->
<testsuite hostname="LAPTOP-DCD51ORS" failures="0" tests="1" name="xmlconfiguration.TC002" time="0.006" errors="0" timestamp="2022-06-05T09:41:14 IST" skipped="0">
  <testcase classname="xmlconfiguration.TC002" name="addProfile" time="0.006"/>
  <system-out/>
</testsuite> <!-- xmlconfiguration.TC002 -->
