<?xml version="1.0" encoding="UTF-8"?>
<!-- Generated by org.testng.reporters.JUnitReportReporter -->
<testsuite hostname="LAPTOP-DCD51ORS" failures="0" tests="2" name="testngPractice.SeleniumGridPractice2" time="10.730" errors="0" timestamp="2022-06-07T15:55:50 IST" skipped="0">
  <testcase classname="testngPractice.SeleniumGridPractice2" name="sampleTest" time="4.592"/>
  <system-out/>
  <testcase classname="testngPractice.SeleniumGridPractice2" name="sampleTest" time="6.138"/>
  <system-out/>
</testsuite> <!-- testngPractice.SeleniumGridPractice2 -->
