<?xml version="1.0" encoding="UTF-8"?>
<!-- Generated by org.testng.reporters.JUnitReportReporter -->
<testsuite hostname="LAPTOP-DCD51ORS" failures="0" tests="1" name="varm.crm.comcast.purchaseordertest.CreatePurchaseOrder_TC47_Test" time="9.767" errors="0" timestamp="2022-06-08T19:23:36 IST" skipped="0">
  <testcase classname="varm.crm.comcast.purchaseordertest.CreatePurchaseOrder_TC47_Test" name="createPurchaseOrder" time="9.767"/>
  <system-out/>
</testsuite> <!-- varm.crm.comcast.purchaseordertest.CreatePurchaseOrder_TC47_Test -->
