<?xml version="1.0" encoding="UTF-8"?>
<!-- Generated by org.testng.reporters.JUnitReportReporter -->
<testsuite hostname="LAPTOP-DCD51ORS" failures="0" tests="1" name="xmlconfiguration.TC003" time="0.005" errors="0" timestamp="2022-06-05T11:32:15 IST" skipped="0">
  <testcase classname="xmlconfiguration.TC003" name="testLogin" time="0.005"/>
  <system-out/>
</testsuite> <!-- xmlconfiguration.TC003 -->
