<?xml version="1.0" encoding="UTF-8"?>
<!-- Generated by org.testng.reporters.JUnitReportReporter -->
<testsuite hostname="LAPTOP-DCD51ORS" failures="0" tests="1" name="practice.ActingTest2" time="26.129" errors="0" timestamp="2022-06-03T23:45:22 IST" skipped="0">
  <testcase classname="practice.ActingTest2" name="testActiLogin" time="26.129"/>
  <system-out/>
</testsuite> <!-- practice.ActingTest2 -->
