<?xml version="1.0" encoding="UTF-8"?>
<!-- Generated by org.testng.reporters.JUnitReportReporter -->
<testsuite hostname="LAPTOP-DCD51ORS" failures="0" tests="7" name="practice.SampleTest" time="0.007" errors="0" timestamp="2022-06-03T17:33:59 IST" skipped="0">
  <testcase classname="practice.SampleTest" name="createContactTest" time="0.005"/>
  <system-out/>
  <testcase classname="practice.SampleTest" name="createContactTest" time="0.001"/>
  <system-out/>
  <testcase classname="practice.SampleTest" name="deleteContactTest" time="0.000"/>
  <system-out/>
  <testcase classname="practice.SampleTest" name="updateContactTest" time="0.000"/>
  <system-out/>
  <testcase classname="practice.SampleTest" name="updateContactTest" time="0.000"/>
  <system-out/>
  <testcase classname="practice.SampleTest" name="editContactTest" time="0.001"/>
  <system-out/>
  <testcase classname="practice.SampleTest" name="updateContactTest" time="0.000"/>
  <system-out/>
</testsuite> <!-- practice.SampleTest -->
