<?xml version="1.0" encoding="UTF-8"?>
<!-- Generated by org.testng.reporters.JUnitReportReporter -->
<testsuite hostname="LAPTOP-DCD51ORS" failures="0" tests="1" name="varm.crm.comcast.campaignTest.CreateCampaignWithProductTest" time="14.245" errors="0" timestamp="2022-06-13T15:53:23 IST" skipped="0">
  <testcase classname="varm.crm.comcast.campaignTest.CreateCampaignWithProductTest" name="createCampaignWithProductTest" time="14.245"/>
  <system-out/>
</testsuite> <!-- varm.crm.comcast.campaignTest.CreateCampaignWithProductTest -->
