<?xml version="1.0" encoding="UTF-8"?>
<!-- Generated by org.testng.reporters.JUnitReportReporter -->
<testsuite hostname="LAPTOP-DCD51ORS" failures="0" tests="1" name="varm.crm.comcast.campaignTest.CreateCampaignTest" time="13.983" errors="0" timestamp="2022-06-13T15:53:23 IST" skipped="0">
  <testcase classname="varm.crm.comcast.campaignTest.CreateCampaignTest" name="createCampaignTest" time="13.983"/>
  <system-out/>
</testsuite> <!-- varm.crm.comcast.campaignTest.CreateCampaignTest -->
