<?xml version="1.0" encoding="UTF-8"?>
<!-- Generated by org.testng.reporters.JUnitReportReporter -->
<testsuite hostname="LAPTOP-DCD51ORS" failures="0" tests="1" name="varm.crm.comcast.calendertest.CreateNewCalenderEvent_TC54_Test" time="14.758" errors="0" timestamp="2022-06-11T10:51:40 IST" skipped="0">
  <testcase classname="varm.crm.comcast.calendertest.CreateNewCalenderEvent_TC54_Test" name="createNewCalenderEvent" time="14.758"/>
  <system-out/>
</testsuite> <!-- varm.crm.comcast.calendertest.CreateNewCalenderEvent_TC54_Test -->
