<?xml version="1.0" encoding="UTF-8"?>
<!-- Generated by org.testng.reporters.JUnitReportReporter -->
<testsuite hostname="LAPTOP-DCD51ORS" failures="0" tests="4" name="practice.ActiDataPro2Test" time="0.006" errors="0" timestamp="2022-06-04T12:59:29 IST" skipped="0">
  <testcase classname="practice.ActiDataPro2Test" name="testSomething" time="0.000"/>
  <system-out/>
  <testcase classname="practice.ActiDataPro2Test" name="testSomething" time="0.000"/>
  <system-out/>
  <testcase classname="practice.ActiDataPro2Test" name="testSomething" time="0.005"/>
  <system-out/>
  <testcase classname="practice.ActiDataPro2Test" name="testSomething" time="0.001"/>
  <system-out/>
</testsuite> <!-- practice.ActiDataPro2Test -->
