<?xml version="1.0" encoding="UTF-8"?>
<!-- Generated by org.testng.reporters.JUnitReportReporter -->
<testsuite hostname="LAPTOP-DCD51ORS" failures="0" tests="3" name="testngPractice.DataPro4Test" time="29.560" errors="0" timestamp="2022-06-04T15:09:49 IST" skipped="0">
  <testcase classname="testngPractice.DataPro4Test" name="testLoginData" time="9.249"/>
  <system-out/>
  <testcase classname="testngPractice.DataPro4Test" name="testLoginData" time="10.555"/>
  <system-out/>
  <testcase classname="testngPractice.DataPro4Test" name="testLoginData" time="9.756"/>
  <system-out/>
</testsuite> <!-- testngPractice.DataPro4Test -->
