<?xml version="1.0" encoding="UTF-8"?>
<!-- Generated by org.testng.reporters.JUnitReportReporter -->
<testsuite hostname="LAPTOP-DCD51ORS" failures="0" tests="1" name="xmlconfiguration.TC012" time="0.001" errors="0" timestamp="2022-06-05T15:17:42 IST" skipped="0">
  <testcase classname="xmlconfiguration.TC012" name="testCase1" time="0.001"/>
  <system-out/>
</testsuite> <!-- xmlconfiguration.TC012 -->
