<?xml version="1.0" encoding="UTF-8"?>
<!-- Generated by org.testng.reporters.JUnitReportReporter -->
<testsuite hostname="LAPTOP-DCD51ORS" failures="0" tests="2" name="practice.SoftAssertion" time="0.011" errors="0" timestamp="2022-06-11T12:10:44 IST" skipped="0">
  <testcase classname="practice.SoftAssertion" name="modifyContact" time="0.001"/>
  <system-out/>
  <testcase classname="practice.SoftAssertion" name="CreateContact" time="0.010"/>
  <system-out/>
</testsuite> <!-- practice.SoftAssertion -->
