<?xml version="1.0" encoding="UTF-8"?>
<!-- Generated by org.testng.reporters.JUnitReportReporter -->
<testsuite hostname="LAPTOP-DCD51ORS" failures="0" tests="3" name="testngPractice.DataPro3Test" time="0.013" errors="0" timestamp="2022-06-04T14:53:40 IST" skipped="0">
  <testcase classname="testngPractice.DataPro3Test" name="testCourse" time="0.005"/>
  <system-out/>
  <testcase classname="testngPractice.DataPro3Test" name="testCourse" time="0.004"/>
  <system-out/>
  <testcase classname="testngPractice.DataPro3Test" name="testCourse" time="0.004"/>
  <system-out/>
</testsuite> <!-- testngPractice.DataPro3Test -->
