<?xml version="1.0" encoding="UTF-8"?>
<!-- Generated by org.testng.reporters.JUnitReportReporter -->
<testsuite hostname="LAPTOP-DCD51ORS" failures="0" tests="2" name="xmlconfiguration.TC015" time="0.004" errors="0" timestamp="2022-06-06T21:14:07 IST" skipped="0">
  <testcase classname="xmlconfiguration.TC015" name="addFamily2" time="0.001"/>
  <system-out/>
  <testcase classname="xmlconfiguration.TC015" name="addFamily1" time="0.003"/>
  <system-out/>
</testsuite> <!-- xmlconfiguration.TC015 -->
