<?xml version="1.0" encoding="UTF-8"?>
<!-- Generated by org.testng.reporters.JUnitReportReporter -->
<testsuite hostname="LAPTOP-DCD51ORS" failures="0" tests="4" name="xmlconfiguration.TC014" time="0.004" errors="0" timestamp="2022-06-06T20:21:30 IST" skipped="0">
  <testcase classname="xmlconfiguration.TC014" name="addCloseFriend3" time="0.001"/>
  <system-out/>
  <testcase classname="xmlconfiguration.TC014" name="addCloseFriend2" time="0.003"/>
  <system-out/>
  <testcase classname="xmlconfiguration.TC014" name="addCloseFriend2" time="0.000"/>
  <system-out/>
  <testcase classname="xmlconfiguration.TC014" name="addCloseFriend3" time="0.000"/>
  <system-out/>
</testsuite> <!-- xmlconfiguration.TC014 -->
