<?xml version="1.0" encoding="UTF-8"?>
<!-- Generated by org.testng.reporters.JUnitReportReporter -->
<testsuite hostname="LAPTOP-DCD51ORS" failures="0" tests="4" name="testngPractice.DepPriority1Test" time="0.009" errors="0" timestamp="2022-06-04T20:53:18 IST" skipped="0">
  <testcase classname="testngPractice.DepPriority1Test" name="addFriend" time="0.004"/>
  <system-out/>
  <testcase classname="testngPractice.DepPriority1Test" name="addFProfilePic" time="0.002"/>
  <system-out/>
  <testcase classname="testngPractice.DepPriority1Test" name="addComment" time="0.001"/>
  <system-out/>
  <testcase classname="testngPractice.DepPriority1Test" name="addCloseFriend" time="0.002"/>
  <system-out/>
</testsuite> <!-- testngPractice.DepPriority1Test -->
