<?xml version="1.0" encoding="UTF-8"?>
<!-- Generated by org.testng.reporters.JUnitReportReporter -->
<testsuite hostname="LAPTOP-DCD51ORS" failures="0" tests="2" name="testngPractice.Dependency4Test" time="0.006" errors="0" timestamp="2022-06-04T23:16:00 IST" skipped="0">
  <testcase classname="testngPractice.Dependency4Test" name="login" time="0.001"/>
  <system-out/>
  <testcase classname="testngPractice.Dependency4Test" name="addFriend" time="0.005"/>
  <system-out/>
</testsuite> <!-- testngPractice.Dependency4Test -->
